[13/10/2020 - 14:49:02] -> [PLUGIN] samp-node plugin started...
[13/10/2020 - 14:49:02] -> [INFO]: unable to locate JSON config file at ./samp-node/maploader/resource-config.json, trying YAML now
[13/10/2020 - 14:49:02] -> [ERROR]: Unable to load config file of resource maploader
[13/10/2020 - 14:52:34] -> [PLUGIN] samp-node plugin started...
[13/10/2020 - 14:52:34] -> [INFO]: plugin is using ./samp-node/maploader/resource-config.json config file
[13/10/2020 - 14:52:34] -> [DEBUG]: node flags: node
[13/10/2020 - 14:52:34] -> [DEBUG]: node flags: ./samp-node/maploader/main.js
[13/10/2020 - 15:07:22] -> [PLUGIN] samp-node plugin started...
[13/10/2020 - 15:07:22] -> [INFO]: plugin is using ./samp-node/maploader/resource-config.json config file
[13/10/2020 - 15:07:22] -> [DEBUG]: node flags: node
[13/10/2020 - 15:07:22] -> [DEBUG]: node flags: ./samp-node/maploader/main.js
[13/10/2020 - 15:18:00] -> [PLUGIN] samp-node plugin started...
[13/10/2020 - 15:18:00] -> [INFO]: plugin is using ./samp-node/maploader/resource-config.json config file
[13/10/2020 - 15:18:00] -> [DEBUG]: node flags: node
[13/10/2020 - 15:18:00] -> [DEBUG]: node flags: ./samp-node/maploader/main.js
[13/10/2020 - 15:19:59] -> [PLUGIN] samp-node plugin started...
[13/10/2020 - 15:19:59] -> [INFO]: plugin is using ./samp-node/maploader/resource-config.json config file
[13/10/2020 - 15:19:59] -> [DEBUG]: node flags: node
[13/10/2020 - 15:19:59] -> [DEBUG]: node flags: node ./samp-node/maploader/main.js
[13/10/2020 - 15:19:59] -> [DEBUG]: node flags: ./samp-node/maploader/main.js
[13/10/2020 - 15:37:41] -> [PLUGIN] samp-node plugin started...
[13/10/2020 - 15:37:41] -> [INFO]: plugin is using ./samp-node/maploader/resource-config.json config file
[13/10/2020 - 15:37:41] -> [DEBUG]: node flags: node
[13/10/2020 - 15:37:41] -> [DEBUG]: node flags: nodemon main.js
[13/10/2020 - 15:37:41] -> [DEBUG]: node flags: ./samp-node/maploader/main.js
[13/10/2020 - 15:39:43] -> [PLUGIN] samp-node plugin started...
[13/10/2020 - 15:39:43] -> [INFO]: plugin is using ./samp-node/maploader/resource-config.json config file
[13/10/2020 - 15:39:43] -> [DEBUG]: node flags: node
[13/10/2020 - 15:39:43] -> [DEBUG]: node flags: ./samp-node/maploader/main.js
[13/10/2020 - 15:48:57] -> [PLUGIN] samp-node plugin started...
[13/10/2020 - 15:48:57] -> [INFO]: plugin is using ./samp-node/maploader/resource-config.json config file
[13/10/2020 - 15:48:57] -> [DEBUG]: node flags: node
[13/10/2020 - 15:48:57] -> [DEBUG]: node flags: ./samp-node/maploader/main.js
